2022-04-11T00:09:59+00:00 CRITICAL Out of memory (allocated 2097152) (tried to allocate 32768 bytes) in /srv/websites/cemarin/wp-content/plugins/elementor/core/settings/manager.php on line 1

2022-04-11T00:10:32+00:00 CRITICAL Out of memory (allocated 23068672) (tried to allocate 73728 bytes) in /srv/websites/cemarin/wp-content/plugins/elementor/includes/fonts.php on line 115

2022-04-11T00:10:32+00:00 CRITICAL Out of memory (allocated 25165824) (tried to allocate 73728 bytes) in /srv/websites/cemarin/wp-content/plugins/elementor/includes/fonts.php on line 115

2022-04-11T00:10:32+00:00 CRITICAL Out of memory (allocated 20971520) (tried to allocate 73728 bytes) in /srv/websites/cemarin/wp-content/plugins/elementor/includes/fonts.php on line 115

2022-04-11T00:10:32+00:00 CRITICAL Out of memory (allocated 31457280) (tried to allocate 73728 bytes) in /srv/websites/cemarin/wp-content/plugins/elementor/includes/fonts.php on line 115

2022-04-11T00:10:32+00:00 CRITICAL Out of memory (allocated 2097152) (tried to allocate 32768 bytes) in /srv/websites/cemarin/wp-content/plugins/elementor/core/settings/manager.php on line 1

2022-04-11T00:10:33+00:00 CRITICAL Out of memory (allocated 25165824) (tried to allocate 73728 bytes) in /srv/websites/cemarin/wp-content/plugins/elementor/includes/fonts.php on line 115

2022-04-11T00:10:33+00:00 CRITICAL Out of memory (allocated 2097152) (tried to allocate 8192 bytes) in /srv/websites/cemarin/wp-content/plugins/elementor/core/editor/editor.php on line 122

2022-04-11T00:10:33+00:00 CRITICAL Out of memory (allocated 23068672) (tried to allocate 73728 bytes) in /srv/websites/cemarin/wp-content/plugins/elementor/includes/fonts.php on line 115

2022-04-11T00:10:33+00:00 CRITICAL Out of memory (allocated 16777216) (tried to allocate 73728 bytes) in /srv/websites/cemarin/wp-content/plugins/elementor/includes/fonts.php on line 115

2022-04-11T00:10:33+00:00 CRITICAL Out of memory (allocated 16777216) (tried to allocate 73728 bytes) in /srv/websites/cemarin/wp-content/plugins/elementor/includes/fonts.php on line 115

2022-04-11T00:10:33+00:00 CRITICAL Out of memory (allocated 25165824) (tried to allocate 73728 bytes) in /srv/websites/cemarin/wp-content/plugins/elementor/includes/fonts.php on line 115

2022-04-11T00:10:33+00:00 CRITICAL Out of memory (allocated 20971520) (tried to allocate 73728 bytes) in /srv/websites/cemarin/wp-content/plugins/elementor/includes/fonts.php on line 115

2022-04-11T00:11:08+00:00 CRITICAL Out of memory (allocated 35651584) (tried to allocate 32768 bytes) in /srv/websites/cemarin/wp-content/plugins/stal-core/inc/woocommerce/shortcodes/product-categories-list/include.php on line 1

2022-04-11T00:11:08+00:00 CRITICAL Out of memory (allocated 35651584) (tried to allocate 32768 bytes) in /srv/websites/cemarin/wp-content/plugins/stal-core/inc/woocommerce/shortcodes/product-categories-list/include.php on line 1

2022-04-11T00:11:08+00:00 CRITICAL Out of memory (allocated 6291456) (tried to allocate 32768 bytes) in /srv/websites/cemarin/wp-content/plugins/stal-core/inc/woocommerce/shortcodes/product-categories-list/product-categories-list.php on line 1

2022-04-11T00:11:27+00:00 CRITICAL Out of memory (allocated 12582912) (tried to allocate 65536 bytes) in /srv/websites/cemarin/wp-content/plugins/woocommerce/packages/woocommerce-admin/src/Schedulers/ImportScheduler.php on line 118

2022-04-11T00:11:27+00:00 CRITICAL Out of memory (allocated 14680064) (tried to allocate 8192 bytes) in /srv/websites/cemarin/wp-content/themes/stal/helpers/helper.php on line 201

2022-04-11T00:11:27+00:00 CRITICAL Out of memory (allocated 10485760) (tried to allocate 12288 bytes) in /srv/websites/cemarin/wp-content/plugins/stal-core/inc/post-types/portfolio/register.php on line 61

2022-04-11T00:11:27+00:00 CRITICAL Out of memory (allocated 6291456) (tried to allocate 12288 bytes) in /srv/websites/cemarin/wp-content/plugins/stal-core/inc/post-types/portfolio/register.php on line 61

2022-04-11T00:11:29+00:00 CRITICAL Out of memory (allocated 4194304) (tried to allocate 8192 bytes) in /srv/websites/cemarin/wp-content/plugins/elementor/core/editor/editor.php on line 122

2022-04-11T00:11:29+00:00 CRITICAL Out of memory (allocated 12582912) (tried to allocate 8192 bytes) in /srv/websites/cemarin/wp-content/plugins/elementor/core/editor/editor.php on line 122

2022-04-11T21:53:28+00:00 CRITICAL Out of memory (allocated 113246208) (tried to allocate 32768 bytes) en /srv/websites/cemarin/wp-content/plugins/woocommerce/includes/rest-api/Controllers/Version1/class-wc-rest-product-reviews-v1-controller.php en la línea 359

2022-04-11T21:53:30+00:00 CRITICAL Out of memory (allocated 98566144) (tried to allocate 20480 bytes) en /srv/websites/cemarin/wp-includes/rest-api.php en la línea 3241

