2022-03-27T00:06:49+00:00 CRITICAL Cannot declare class StalCoreElementorInteractiveBanners, because the name is already in use in /srv/websites/cemarin/wp-content/plugins/stal-core/inc/shortcodes/interactive-banners/interactive-banners-elementor.php on line 44

2022-03-27T00:15:49+00:00 CRITICAL Cannot declare class StalCoreElementorInteractiveBanners, because the name is already in use in /srv/websites/cemarin/wp-content/plugins/stal-core/inc/shortcodes/interactive-banners/interactive-banners-elementor.php on line 44

2022-03-27T00:16:10+00:00 CRITICAL Cannot declare class StalCoreInteractiveBannersShortcode, because the name is already in use in /srv/websites/cemarin/wp-content/plugins/stal-core/inc/shortcodes/interactive-banners/interactive-banners.php on line 21

2022-03-27T00:16:12+00:00 CRITICAL Cannot declare class StalCoreInteractiveBannersShortcode, because the name is already in use in /srv/websites/cemarin/wp-content/plugins/stal-core/inc/shortcodes/interactive-banners/interactive-banners.php on line 21

2022-03-27T00:16:40+00:00 CRITICAL Cannot declare class StalCoreInteractiveBannersShortcode, because the name is already in use in /srv/websites/cemarin/wp-content/plugins/stal-core/inc/shortcodes/interactive-banners/interactive-banners.php on line 21

2022-03-27T00:17:23+00:00 CRITICAL Cannot declare class StalCoreInteractiveBannersShortcode, because the name is already in use in /srv/websites/cemarin/wp-content/plugins/stal-core/inc/shortcodes/interactive-banners/interactive-banners.php on line 21

2022-03-27T00:19:11+00:00 CRITICAL Cannot declare class StalCoreInteractiveBannersShortcode, because the name is already in use in /srv/websites/cemarin/wp-content/plugins/stal-core/inc/shortcodes/interactive-banners/interactive-banners.php on line 21

2022-03-27T00:19:46+00:00 CRITICAL Uncaught Error: Call to a member function get_base() on boolean in /srv/websites/cemarin/wp-content/plugins/stal-core/inc/shortcodes/interactive-banners-spanish/interactive-banners-elementor.php:18
Stack trace:
#0 /srv/websites/cemarin/wp-content/plugins/elementor/includes/base/widget-base.php(142): StalCoreElementorInteractiveBanners->get_name()
#1 /srv/websites/cemarin/wp-content/plugins/stal-core/inc/shortcodes/interactive-banners-spanish/interactive-banners-elementor.php(9): Elementor\Widget_Base->__construct(Array, NULL)
#2 /srv/websites/cemarin/wp-content/plugins/stal-core/inc/shortcodes/interactive-banners-spanish/interactive-banners-elementor.php(46): StalCoreElementorInteractiveBanners->__construct()
#3 /srv/websites/cemarin/wp-content/plugins/stal-core/inc/elementor/helper.php(10): include_once('/srv/websites/c...')
#4 /srv/websites/cemarin/wp-includes/class-wp-hook.php(307): stal_core_load_elementor_widgets(Object(Elementor\Widgets_Manager))
#5 /srv/websites/cemarin/wp-includes/class-wp-hook.php(33 in /srv/websites/cemarin/wp-content/plugins/stal-core/inc/shortcodes/interactive-banners-spanish/interactive-banners-elementor.php on line 18

2022-03-27T00:23:55+00:00 CRITICAL Uncaught Error: Call to a member function get_base() on boolean in /srv/websites/cemarin/wp-content/plugins/stal-core/inc/shortcodes/interactive-banners-spanish/interactive-banners-elementor.php:18
Stack trace:
#0 /srv/websites/cemarin/wp-content/plugins/elementor/includes/base/widget-base.php(142): StalCoreElementorInteractiveBanners->get_name()
#1 /srv/websites/cemarin/wp-content/plugins/stal-core/inc/shortcodes/interactive-banners-spanish/interactive-banners-elementor.php(9): Elementor\Widget_Base->__construct(Array, NULL)
#2 /srv/websites/cemarin/wp-content/plugins/stal-core/inc/shortcodes/interactive-banners-spanish/interactive-banners-elementor.php(46): StalCoreElementorInteractiveBanners->__construct()
#3 /srv/websites/cemarin/wp-content/plugins/stal-core/inc/elementor/helper.php(10): include_once('/srv/websites/c...')
#4 /srv/websites/cemarin/wp-includes/class-wp-hook.php(307): stal_core_load_elementor_widgets(Object(Elementor\Widgets_Manager))
#5 /srv/websites/cemarin/wp-includes/class-wp-hook.php(33 in /srv/websites/cemarin/wp-content/plugins/stal-core/inc/shortcodes/interactive-banners-spanish/interactive-banners-elementor.php on line 18

2022-03-27T00:23:58+00:00 CRITICAL Uncaught Error: Call to a member function get_base() on boolean in /srv/websites/cemarin/wp-content/plugins/stal-core/inc/shortcodes/interactive-banners-spanish/interactive-banners-elementor.php:18
Stack trace:
#0 /srv/websites/cemarin/wp-content/plugins/elementor/includes/base/widget-base.php(142): StalCoreElementorInteractiveBanners->get_name()
#1 /srv/websites/cemarin/wp-content/plugins/stal-core/inc/shortcodes/interactive-banners-spanish/interactive-banners-elementor.php(9): Elementor\Widget_Base->__construct(Array, NULL)
#2 /srv/websites/cemarin/wp-content/plugins/stal-core/inc/shortcodes/interactive-banners-spanish/interactive-banners-elementor.php(46): StalCoreElementorInteractiveBanners->__construct()
#3 /srv/websites/cemarin/wp-content/plugins/stal-core/inc/elementor/helper.php(10): include_once('/srv/websites/c...')
#4 /srv/websites/cemarin/wp-includes/class-wp-hook.php(307): stal_core_load_elementor_widgets(Object(Elementor\Widgets_Manager))
#5 /srv/websites/cemarin/wp-includes/class-wp-hook.php(33 in /srv/websites/cemarin/wp-content/plugins/stal-core/inc/shortcodes/interactive-banners-spanish/interactive-banners-elementor.php on line 18

2022-03-27T00:30:27+00:00 CRITICAL Uncaught Error: Call to a member function get_base() on boolean in /srv/websites/cemarin/wp-content/plugins/stal-core/inc/shortcodes/interactive-banners-spanish/interactive-banners-elementor.php:18
Stack trace:
#0 /srv/websites/cemarin/wp-content/plugins/elementor/includes/base/widget-base.php(142): StalCoreElementorInteractiveBanners->get_name()
#1 /srv/websites/cemarin/wp-content/plugins/stal-core/inc/shortcodes/interactive-banners-spanish/interactive-banners-elementor.php(9): Elementor\Widget_Base->__construct(Array, NULL)
#2 /srv/websites/cemarin/wp-content/plugins/stal-core/inc/shortcodes/interactive-banners-spanish/interactive-banners-elementor.php(46): StalCoreElementorInteractiveBanners->__construct()
#3 /srv/websites/cemarin/wp-content/plugins/stal-core/inc/elementor/helper.php(10): include_once('/srv/websites/c...')
#4 /srv/websites/cemarin/wp-includes/class-wp-hook.php(307): stal_core_load_elementor_widgets(Object(Elementor\Widgets_Manager))
#5 /srv/websites/cemarin/wp-includes/class-wp-hook.php(33 in /srv/websites/cemarin/wp-content/plugins/stal-core/inc/shortcodes/interactive-banners-spanish/interactive-banners-elementor.php on line 18

2022-03-27T00:36:52+00:00 CRITICAL Uncaught Error: Call to a member function get_base() on boolean in /srv/websites/cemarin/wp-content/plugins/stal-core/inc/shortcodes/interactive-banners-spanish/interactive-banners-elementor.php:18
Stack trace:
#0 /srv/websites/cemarin/wp-content/plugins/elementor/includes/base/widget-base.php(142): StalCoreElementorInteractiveBanners->get_name()
#1 /srv/websites/cemarin/wp-content/plugins/stal-core/inc/shortcodes/interactive-banners-spanish/interactive-banners-elementor.php(9): Elementor\Widget_Base->__construct(Array, NULL)
#2 /srv/websites/cemarin/wp-content/plugins/stal-core/inc/shortcodes/interactive-banners-spanish/interactive-banners-elementor.php(46): StalCoreElementorInteractiveBanners->__construct()
#3 /srv/websites/cemarin/wp-content/plugins/stal-core/inc/elementor/helper.php(10): include_once('/srv/websites/c...')
#4 /srv/websites/cemarin/wp-includes/class-wp-hook.php(307): stal_core_load_elementor_widgets(Object(Elementor\Widgets_Manager))
#5 /srv/websites/cemarin/wp-includes/class-wp-hook.php(33 in /srv/websites/cemarin/wp-content/plugins/stal-core/inc/shortcodes/interactive-banners-spanish/interactive-banners-elementor.php on line 18

2022-03-27T00:37:08+00:00 CRITICAL Uncaught Error: Call to a member function get_base() on boolean in /srv/websites/cemarin/wp-content/plugins/stal-core/inc/shortcodes/interactive-banners-spanish/interactive-banners-elementor.php:18
Stack trace:
#0 /srv/websites/cemarin/wp-content/plugins/elementor/includes/base/widget-base.php(142): StalCoreElementorInteractiveBanners->get_name()
#1 /srv/websites/cemarin/wp-content/plugins/stal-core/inc/shortcodes/interactive-banners-spanish/interactive-banners-elementor.php(9): Elementor\Widget_Base->__construct(Array, NULL)
#2 /srv/websites/cemarin/wp-content/plugins/stal-core/inc/shortcodes/interactive-banners-spanish/interactive-banners-elementor.php(46): StalCoreElementorInteractiveBanners->__construct()
#3 /srv/websites/cemarin/wp-content/plugins/stal-core/inc/elementor/helper.php(10): include_once('/srv/websites/c...')
#4 /srv/websites/cemarin/wp-includes/class-wp-hook.php(307): stal_core_load_elementor_widgets(Object(Elementor\Widgets_Manager))
#5 /srv/websites/cemarin/wp-includes/class-wp-hook.php(33 in /srv/websites/cemarin/wp-content/plugins/stal-core/inc/shortcodes/interactive-banners-spanish/interactive-banners-elementor.php on line 18

2022-03-27T00:37:59+00:00 CRITICAL Uncaught Error: Call to a member function get_base() on boolean in /srv/websites/cemarin/wp-content/plugins/stal-core/inc/shortcodes/interactive-banners-spanish/interactive-banners-elementor.php:18
Stack trace:
#0 /srv/websites/cemarin/wp-content/plugins/elementor/includes/base/widget-base.php(142): StalCoreElementorInteractiveBanners->get_name()
#1 /srv/websites/cemarin/wp-content/plugins/stal-core/inc/shortcodes/interactive-banners-spanish/interactive-banners-elementor.php(9): Elementor\Widget_Base->__construct(Array, NULL)
#2 /srv/websites/cemarin/wp-content/plugins/stal-core/inc/shortcodes/interactive-banners-spanish/interactive-banners-elementor.php(46): StalCoreElementorInteractiveBanners->__construct()
#3 /srv/websites/cemarin/wp-content/plugins/stal-core/inc/elementor/helper.php(10): include_once('/srv/websites/c...')
#4 /srv/websites/cemarin/wp-includes/class-wp-hook.php(307): stal_core_load_elementor_widgets(Object(Elementor\Widgets_Manager))
#5 /srv/websites/cemarin/wp-includes/class-wp-hook.php(33 in /srv/websites/cemarin/wp-content/plugins/stal-core/inc/shortcodes/interactive-banners-spanish/interactive-banners-elementor.php on line 18

2022-03-27T00:38:15+00:00 CRITICAL Uncaught Error: Call to a member function get_base() on boolean in /srv/websites/cemarin/wp-content/plugins/stal-core/inc/shortcodes/interactive-banners-spanish/interactive-banners-elementor.php:18
Stack trace:
#0 /srv/websites/cemarin/wp-content/plugins/elementor/includes/base/widget-base.php(142): StalCoreElementorInteractiveBanners->get_name()
#1 /srv/websites/cemarin/wp-content/plugins/stal-core/inc/shortcodes/interactive-banners-spanish/interactive-banners-elementor.php(9): Elementor\Widget_Base->__construct(Array, NULL)
#2 /srv/websites/cemarin/wp-content/plugins/stal-core/inc/shortcodes/interactive-banners-spanish/interactive-banners-elementor.php(46): StalCoreElementorInteractiveBanners->__construct()
#3 /srv/websites/cemarin/wp-content/plugins/stal-core/inc/elementor/helper.php(10): include_once('/srv/websites/c...')
#4 /srv/websites/cemarin/wp-includes/class-wp-hook.php(307): stal_core_load_elementor_widgets(Object(Elementor\Widgets_Manager))
#5 /srv/websites/cemarin/wp-includes/class-wp-hook.php(33 in /srv/websites/cemarin/wp-content/plugins/stal-core/inc/shortcodes/interactive-banners-spanish/interactive-banners-elementor.php on line 18

2022-03-27T00:38:49+00:00 CRITICAL Uncaught Error: Call to a member function get_base() on boolean in /srv/websites/cemarin/wp-content/plugins/stal-core/inc/shortcodes/interactive-banners-spanish/interactive-banners-elementor.php:18
Stack trace:
#0 /srv/websites/cemarin/wp-content/plugins/elementor/includes/base/widget-base.php(142): StalCoreElementorInteractiveBanners->get_name()
#1 /srv/websites/cemarin/wp-content/plugins/stal-core/inc/shortcodes/interactive-banners-spanish/interactive-banners-elementor.php(9): Elementor\Widget_Base->__construct(Array, NULL)
#2 /srv/websites/cemarin/wp-content/plugins/stal-core/inc/shortcodes/interactive-banners-spanish/interactive-banners-elementor.php(46): StalCoreElementorInteractiveBanners->__construct()
#3 /srv/websites/cemarin/wp-content/plugins/stal-core/inc/elementor/helper.php(10): include_once('/srv/websites/c...')
#4 /srv/websites/cemarin/wp-includes/class-wp-hook.php(307): stal_core_load_elementor_widgets(Object(Elementor\Widgets_Manager))
#5 /srv/websites/cemarin/wp-includes/class-wp-hook.php(33 in /srv/websites/cemarin/wp-content/plugins/stal-core/inc/shortcodes/interactive-banners-spanish/interactive-banners-elementor.php on line 18

2022-03-27T00:39:23+00:00 CRITICAL Uncaught Error: Call to a member function get_base() on boolean in /srv/websites/cemarin/wp-content/plugins/stal-core/inc/shortcodes/interactive-banners-spanish/interactive-banners-elementor.php:18
Stack trace:
#0 /srv/websites/cemarin/wp-content/plugins/elementor/includes/base/widget-base.php(142): StalCoreElementorInteractiveBanners->get_name()
#1 /srv/websites/cemarin/wp-content/plugins/stal-core/inc/shortcodes/interactive-banners-spanish/interactive-banners-elementor.php(9): Elementor\Widget_Base->__construct(Array, NULL)
#2 /srv/websites/cemarin/wp-content/plugins/stal-core/inc/shortcodes/interactive-banners-spanish/interactive-banners-elementor.php(46): StalCoreElementorInteractiveBanners->__construct()
#3 /srv/websites/cemarin/wp-content/plugins/stal-core/inc/elementor/helper.php(10): include_once('/srv/websites/c...')
#4 /srv/websites/cemarin/wp-includes/class-wp-hook.php(307): stal_core_load_elementor_widgets(Object(Elementor\Widgets_Manager))
#5 /srv/websites/cemarin/wp-includes/class-wp-hook.php(33 in /srv/websites/cemarin/wp-content/plugins/stal-core/inc/shortcodes/interactive-banners-spanish/interactive-banners-elementor.php on line 18

2022-03-27T00:39:57+00:00 CRITICAL Uncaught Error: Call to a member function get_base() on boolean in /srv/websites/cemarin/wp-content/plugins/stal-core/inc/shortcodes/interactive-banners-spanish/interactive-banners-elementor.php:18
Stack trace:
#0 /srv/websites/cemarin/wp-content/plugins/elementor/includes/base/widget-base.php(142): StalCoreElementorInteractiveBanners->get_name()
#1 /srv/websites/cemarin/wp-content/plugins/stal-core/inc/shortcodes/interactive-banners-spanish/interactive-banners-elementor.php(9): Elementor\Widget_Base->__construct(Array, NULL)
#2 /srv/websites/cemarin/wp-content/plugins/stal-core/inc/shortcodes/interactive-banners-spanish/interactive-banners-elementor.php(46): StalCoreElementorInteractiveBanners->__construct()
#3 /srv/websites/cemarin/wp-content/plugins/stal-core/inc/elementor/helper.php(10): include_once('/srv/websites/c...')
#4 /srv/websites/cemarin/wp-includes/class-wp-hook.php(307): stal_core_load_elementor_widgets(Object(Elementor\Widgets_Manager))
#5 /srv/websites/cemarin/wp-includes/class-wp-hook.php(33 in /srv/websites/cemarin/wp-content/plugins/stal-core/inc/shortcodes/interactive-banners-spanish/interactive-banners-elementor.php on line 18

2022-03-27T00:40:13+00:00 CRITICAL Cannot declare class QiAddonsForElementor_Interactive_Banner_Shortcode, because the name is already in use in /srv/websites/cemarin/wp-content/plugins/qi-addons-for-elementor/inc/shortcodes/interactive-banner-spanish/class-qiaddonsforelementor-interactive-banner-shortcode.php on line 21

2022-03-27T00:40:22+00:00 CRITICAL Cannot declare class QiAddonsForElementor_Interactive_Banner_Shortcode, because the name is already in use in /srv/websites/cemarin/wp-content/plugins/qi-addons-for-elementor/inc/shortcodes/interactive-banner-spanish/class-qiaddonsforelementor-interactive-banner-shortcode.php on line 21

2022-03-27T00:40:29+00:00 CRITICAL Cannot declare class QiAddonsForElementor_Interactive_Banner_Shortcode, because the name is already in use in /srv/websites/cemarin/wp-content/plugins/qi-addons-for-elementor/inc/shortcodes/interactive-banner-spanish/class-qiaddonsforelementor-interactive-banner-shortcode.php on line 21

2022-03-27T00:40:45+00:00 CRITICAL Cannot declare class QiAddonsForElementor_Interactive_Banner_Shortcode, because the name is already in use in /srv/websites/cemarin/wp-content/plugins/qi-addons-for-elementor/inc/shortcodes/interactive-banner-spanish/class-qiaddonsforelementor-interactive-banner-shortcode.php on line 21

2022-03-27T00:41:01+00:00 CRITICAL Cannot declare class QiAddonsForElementor_Interactive_Banner_Shortcode, because the name is already in use in /srv/websites/cemarin/wp-content/plugins/qi-addons-for-elementor/inc/shortcodes/interactive-banner-spanish/class-qiaddonsforelementor-interactive-banner-shortcode.php on line 21

2022-03-27T00:41:16+00:00 CRITICAL Cannot declare class QiAddonsForElementor_Interactive_Banner_Shortcode, because the name is already in use in /srv/websites/cemarin/wp-content/plugins/qi-addons-for-elementor/inc/shortcodes/interactive-banner-spanish/class-qiaddonsforelementor-interactive-banner-shortcode.php on line 21

2022-03-27T00:41:33+00:00 CRITICAL Cannot declare class QiAddonsForElementor_Interactive_Banner_Shortcode, because the name is already in use in /srv/websites/cemarin/wp-content/plugins/qi-addons-for-elementor/inc/shortcodes/interactive-banner-spanish/class-qiaddonsforelementor-interactive-banner-shortcode.php on line 21

2022-03-27T00:41:49+00:00 CRITICAL Cannot declare class QiAddonsForElementor_Interactive_Banner_Shortcode, because the name is already in use in /srv/websites/cemarin/wp-content/plugins/qi-addons-for-elementor/inc/shortcodes/interactive-banner-spanish/class-qiaddonsforelementor-interactive-banner-shortcode.php on line 21

2022-03-27T00:42:05+00:00 CRITICAL Cannot declare class QiAddonsForElementor_Interactive_Banner_Shortcode, because the name is already in use in /srv/websites/cemarin/wp-content/plugins/qi-addons-for-elementor/inc/shortcodes/interactive-banner-spanish/class-qiaddonsforelementor-interactive-banner-shortcode.php on line 21

2022-03-27T00:42:21+00:00 CRITICAL Cannot declare class QiAddonsForElementor_Interactive_Banner_Shortcode, because the name is already in use in /srv/websites/cemarin/wp-content/plugins/qi-addons-for-elementor/inc/shortcodes/interactive-banner-spanish/class-qiaddonsforelementor-interactive-banner-shortcode.php on line 21

2022-03-27T00:42:37+00:00 CRITICAL Cannot declare class QiAddonsForElementor_Interactive_Banner_Shortcode, because the name is already in use in /srv/websites/cemarin/wp-content/plugins/qi-addons-for-elementor/inc/shortcodes/interactive-banner-spanish/class-qiaddonsforelementor-interactive-banner-shortcode.php on line 21

2022-03-27T00:42:42+00:00 CRITICAL Cannot declare class QiAddonsForElementor_Interactive_Banner_Shortcode, because the name is already in use in /srv/websites/cemarin/wp-content/plugins/qi-addons-for-elementor/inc/shortcodes/interactive-banner-spanish/class-qiaddonsforelementor-interactive-banner-shortcode.php on line 21

2022-03-27T00:42:53+00:00 CRITICAL Cannot declare class QiAddonsForElementor_Interactive_Banner_Shortcode, because the name is already in use in /srv/websites/cemarin/wp-content/plugins/qi-addons-for-elementor/inc/shortcodes/interactive-banner-spanish/class-qiaddonsforelementor-interactive-banner-shortcode.php on line 21

2022-03-27T00:43:09+00:00 CRITICAL Cannot declare class QiAddonsForElementor_Interactive_Banner_Shortcode, because the name is already in use in /srv/websites/cemarin/wp-content/plugins/qi-addons-for-elementor/inc/shortcodes/interactive-banner-spanish/class-qiaddonsforelementor-interactive-banner-shortcode.php on line 21

2022-03-27T00:43:25+00:00 CRITICAL Cannot declare class QiAddonsForElementor_Interactive_Banner_Shortcode, because the name is already in use in /srv/websites/cemarin/wp-content/plugins/qi-addons-for-elementor/inc/shortcodes/interactive-banner-spanish/class-qiaddonsforelementor-interactive-banner-shortcode.php on line 21

2022-03-27T00:43:41+00:00 CRITICAL Cannot declare class QiAddonsForElementor_Interactive_Banner_Shortcode, because the name is already in use in /srv/websites/cemarin/wp-content/plugins/qi-addons-for-elementor/inc/shortcodes/interactive-banner-spanish/class-qiaddonsforelementor-interactive-banner-shortcode.php on line 21

2022-03-27T00:43:57+00:00 CRITICAL Cannot declare class QiAddonsForElementor_Interactive_Banner_Shortcode, because the name is already in use in /srv/websites/cemarin/wp-content/plugins/qi-addons-for-elementor/inc/shortcodes/interactive-banner-spanish/class-qiaddonsforelementor-interactive-banner-shortcode.php on line 21

2022-03-27T00:44:13+00:00 CRITICAL Cannot declare class QiAddonsForElementor_Interactive_Banner_Shortcode, because the name is already in use in /srv/websites/cemarin/wp-content/plugins/qi-addons-for-elementor/inc/shortcodes/interactive-banner-spanish/class-qiaddonsforelementor-interactive-banner-shortcode.php on line 21

2022-03-27T00:44:29+00:00 CRITICAL Cannot declare class QiAddonsForElementor_Interactive_Banner_Shortcode, because the name is already in use in /srv/websites/cemarin/wp-content/plugins/qi-addons-for-elementor/inc/shortcodes/interactive-banner-spanish/class-qiaddonsforelementor-interactive-banner-shortcode.php on line 21

2022-03-27T00:44:45+00:00 CRITICAL Cannot declare class QiAddonsForElementor_Interactive_Banner_Shortcode, because the name is already in use in /srv/websites/cemarin/wp-content/plugins/qi-addons-for-elementor/inc/shortcodes/interactive-banner-spanish/class-qiaddonsforelementor-interactive-banner-shortcode.php on line 21

2022-03-27T00:45:01+00:00 CRITICAL Cannot declare class QiAddonsForElementor_Interactive_Banner_Shortcode, because the name is already in use in /srv/websites/cemarin/wp-content/plugins/qi-addons-for-elementor/inc/shortcodes/interactive-banner-spanish/class-qiaddonsforelementor-interactive-banner-shortcode.php on line 21

2022-03-27T00:45:17+00:00 CRITICAL Cannot declare class QiAddonsForElementor_Interactive_Banner_Shortcode, because the name is already in use in /srv/websites/cemarin/wp-content/plugins/qi-addons-for-elementor/inc/shortcodes/interactive-banner-spanish/class-qiaddonsforelementor-interactive-banner-shortcode.php on line 21

2022-03-27T00:45:33+00:00 CRITICAL Cannot declare class QiAddonsForElementor_Interactive_Banner_Shortcode, because the name is already in use in /srv/websites/cemarin/wp-content/plugins/qi-addons-for-elementor/inc/shortcodes/interactive-banner-spanish/class-qiaddonsforelementor-interactive-banner-shortcode.php on line 21

2022-03-27T00:45:49+00:00 CRITICAL Cannot declare class QiAddonsForElementor_Interactive_Banner_Shortcode, because the name is already in use in /srv/websites/cemarin/wp-content/plugins/qi-addons-for-elementor/inc/shortcodes/interactive-banner-spanish/class-qiaddonsforelementor-interactive-banner-shortcode.php on line 21

2022-03-27T00:46:06+00:00 CRITICAL Cannot declare class QiAddonsForElementor_Interactive_Banner_Shortcode, because the name is already in use in /srv/websites/cemarin/wp-content/plugins/qi-addons-for-elementor/inc/shortcodes/interactive-banner-spanish/class-qiaddonsforelementor-interactive-banner-shortcode.php on line 21

2022-03-27T00:46:22+00:00 CRITICAL Cannot declare class QiAddonsForElementor_Interactive_Banner_Shortcode, because the name is already in use in /srv/websites/cemarin/wp-content/plugins/qi-addons-for-elementor/inc/shortcodes/interactive-banner-spanish/class-qiaddonsforelementor-interactive-banner-shortcode.php on line 21

2022-03-27T00:46:38+00:00 CRITICAL Cannot declare class QiAddonsForElementor_Interactive_Banner_Shortcode, because the name is already in use in /srv/websites/cemarin/wp-content/plugins/qi-addons-for-elementor/inc/shortcodes/interactive-banner-spanish/class-qiaddonsforelementor-interactive-banner-shortcode.php on line 21

2022-03-27T00:46:54+00:00 CRITICAL Cannot declare class QiAddonsForElementor_Interactive_Banner_Shortcode, because the name is already in use in /srv/websites/cemarin/wp-content/plugins/qi-addons-for-elementor/inc/shortcodes/interactive-banner-spanish/class-qiaddonsforelementor-interactive-banner-shortcode.php on line 21

2022-03-27T00:47:10+00:00 CRITICAL Cannot declare class QiAddonsForElementor_Interactive_Banner_Shortcode, because the name is already in use in /srv/websites/cemarin/wp-content/plugins/qi-addons-for-elementor/inc/shortcodes/interactive-banner-spanish/class-qiaddonsforelementor-interactive-banner-shortcode.php on line 21

2022-03-27T00:47:26+00:00 CRITICAL Cannot declare class QiAddonsForElementor_Interactive_Banner_Shortcode, because the name is already in use in /srv/websites/cemarin/wp-content/plugins/qi-addons-for-elementor/inc/shortcodes/interactive-banner-spanish/class-qiaddonsforelementor-interactive-banner-shortcode.php on line 21

2022-03-27T00:47:38+00:00 CRITICAL Cannot declare class QiAddonsForElementor_Interactive_Banner_Shortcode, because the name is already in use in /srv/websites/cemarin/wp-content/plugins/qi-addons-for-elementor/inc/shortcodes/interactive-banner-spanish/class-qiaddonsforelementor-interactive-banner-shortcode.php on line 21

2022-03-27T00:47:41+00:00 CRITICAL Cannot declare class QiAddonsForElementor_Interactive_Banner_Shortcode, because the name is already in use in /srv/websites/cemarin/wp-content/plugins/qi-addons-for-elementor/inc/shortcodes/interactive-banner-spanish/class-qiaddonsforelementor-interactive-banner-shortcode.php on line 21

2022-03-27T00:47:57+00:00 CRITICAL Cannot declare class QiAddonsForElementor_Interactive_Banner_Shortcode, because the name is already in use in /srv/websites/cemarin/wp-content/plugins/qi-addons-for-elementor/inc/shortcodes/interactive-banner-spanish/class-qiaddonsforelementor-interactive-banner-shortcode.php on line 21

2022-03-27T00:48:13+00:00 CRITICAL Cannot declare class QiAddonsForElementor_Interactive_Banner_Shortcode, because the name is already in use in /srv/websites/cemarin/wp-content/plugins/qi-addons-for-elementor/inc/shortcodes/interactive-banner-spanish/class-qiaddonsforelementor-interactive-banner-shortcode.php on line 21

2022-03-27T00:48:29+00:00 CRITICAL Cannot declare class QiAddonsForElementor_Interactive_Banner_Shortcode, because the name is already in use in /srv/websites/cemarin/wp-content/plugins/qi-addons-for-elementor/inc/shortcodes/interactive-banner-spanish/class-qiaddonsforelementor-interactive-banner-shortcode.php on line 21

2022-03-27T00:48:45+00:00 CRITICAL Cannot declare class QiAddonsForElementor_Interactive_Banner_Shortcode, because the name is already in use in /srv/websites/cemarin/wp-content/plugins/qi-addons-for-elementor/inc/shortcodes/interactive-banner-spanish/class-qiaddonsforelementor-interactive-banner-shortcode.php on line 21

2022-03-27T00:48:52+00:00 CRITICAL Cannot declare class QiAddonsForElementor_Interactive_Banner_Shortcode, because the name is already in use in /srv/websites/cemarin/wp-content/plugins/qi-addons-for-elementor/inc/shortcodes/interactive-banner-spanish/class-qiaddonsforelementor-interactive-banner-shortcode.php on line 21

2022-03-27T00:49:01+00:00 CRITICAL Cannot declare class QiAddonsForElementor_Interactive_Banner_Shortcode, because the name is already in use in /srv/websites/cemarin/wp-content/plugins/qi-addons-for-elementor/inc/shortcodes/interactive-banner-spanish/class-qiaddonsforelementor-interactive-banner-shortcode.php on line 21

2022-03-27T00:49:17+00:00 CRITICAL Cannot declare class QiAddonsForElementor_Interactive_Banner_Shortcode, because the name is already in use in /srv/websites/cemarin/wp-content/plugins/qi-addons-for-elementor/inc/shortcodes/interactive-banner-spanish/class-qiaddonsforelementor-interactive-banner-shortcode.php on line 21

2022-03-27T00:49:18+00:00 CRITICAL Cannot declare class QiAddonsForElementor_Interactive_Banner_Shortcode, because the name is already in use in /srv/websites/cemarin/wp-content/plugins/qi-addons-for-elementor/inc/shortcodes/interactive-banner-spanish/class-qiaddonsforelementor-interactive-banner-shortcode.php on line 21

2022-03-27T00:49:32+00:00 CRITICAL Cannot declare class QiAddonsForElementor_Interactive_Banner_Shortcode, because the name is already in use in /srv/websites/cemarin/wp-content/plugins/qi-addons-for-elementor/inc/shortcodes/interactive-banner-spanish/class-qiaddonsforelementor-interactive-banner-shortcode.php on line 21

2022-03-27T00:49:33+00:00 CRITICAL Cannot declare class QiAddonsForElementor_Interactive_Banner_Shortcode, because the name is already in use in /srv/websites/cemarin/wp-content/plugins/qi-addons-for-elementor/inc/shortcodes/interactive-banner-spanish/class-qiaddonsforelementor-interactive-banner-shortcode.php on line 21

2022-03-27T00:49:49+00:00 CRITICAL Cannot declare class QiAddonsForElementor_Interactive_Banner_Shortcode, because the name is already in use in /srv/websites/cemarin/wp-content/plugins/qi-addons-for-elementor/inc/shortcodes/interactive-banner-spanish/class-qiaddonsforelementor-interactive-banner-shortcode.php on line 21

2022-03-27T00:50:05+00:00 CRITICAL Cannot declare class QiAddonsForElementor_Interactive_Banner_Shortcode, because the name is already in use in /srv/websites/cemarin/wp-content/plugins/qi-addons-for-elementor/inc/shortcodes/interactive-banner-spanish/class-qiaddonsforelementor-interactive-banner-shortcode.php on line 21

2022-03-27T00:50:21+00:00 CRITICAL Cannot declare class QiAddonsForElementor_Interactive_Banner_Shortcode, because the name is already in use in /srv/websites/cemarin/wp-content/plugins/qi-addons-for-elementor/inc/shortcodes/interactive-banner-spanish/class-qiaddonsforelementor-interactive-banner-shortcode.php on line 21

2022-03-27T00:50:37+00:00 CRITICAL Cannot declare class QiAddonsForElementor_Interactive_Banner_Shortcode, because the name is already in use in /srv/websites/cemarin/wp-content/plugins/qi-addons-for-elementor/inc/shortcodes/interactive-banner-spanish/class-qiaddonsforelementor-interactive-banner-shortcode.php on line 21

2022-03-27T00:50:43+00:00 CRITICAL Cannot declare class QiAddonsForElementor_Interactive_Banner_Shortcode, because the name is already in use in /srv/websites/cemarin/wp-content/plugins/qi-addons-for-elementor/inc/shortcodes/interactive-banner-spanish/class-qiaddonsforelementor-interactive-banner-shortcode.php on line 21

2022-03-27T00:50:53+00:00 CRITICAL Cannot declare class QiAddonsForElementor_Interactive_Banner_Shortcode, because the name is already in use in /srv/websites/cemarin/wp-content/plugins/qi-addons-for-elementor/inc/shortcodes/interactive-banner-spanish/class-qiaddonsforelementor-interactive-banner-shortcode.php on line 21

2022-03-27T00:51:09+00:00 CRITICAL Cannot declare class QiAddonsForElementor_Interactive_Banner_Shortcode, because the name is already in use in /srv/websites/cemarin/wp-content/plugins/qi-addons-for-elementor/inc/shortcodes/interactive-banner-spanish/class-qiaddonsforelementor-interactive-banner-shortcode.php on line 21

2022-03-27T00:51:09+00:00 CRITICAL Cannot declare class QiAddonsForElementor_Interactive_Banner_Shortcode, because the name is already in use in /srv/websites/cemarin/wp-content/plugins/qi-addons-for-elementor/inc/shortcodes/interactive-banner-spanish/class-qiaddonsforelementor-interactive-banner-shortcode.php on line 21

2022-03-27T00:51:14+00:00 CRITICAL Cannot declare class QiAddonsForElementor_Interactive_Banner_Shortcode, because the name is already in use in /srv/websites/cemarin/wp-content/plugins/qi-addons-for-elementor/inc/shortcodes/interactive-banner-spanish/class-qiaddonsforelementor-interactive-banner-shortcode.php on line 21

2022-03-27T00:51:15+00:00 CRITICAL Cannot declare class QiAddonsForElementor_Interactive_Banner_Shortcode, because the name is already in use in /srv/websites/cemarin/wp-content/plugins/qi-addons-for-elementor/inc/shortcodes/interactive-banner-spanish/class-qiaddonsforelementor-interactive-banner-shortcode.php on line 21

2022-03-27T00:51:25+00:00 CRITICAL Cannot declare class QiAddonsForElementor_Interactive_Banner_Shortcode, because the name is already in use in /srv/websites/cemarin/wp-content/plugins/qi-addons-for-elementor/inc/shortcodes/interactive-banner-spanish/class-qiaddonsforelementor-interactive-banner-shortcode.php on line 21

2022-03-27T00:51:41+00:00 CRITICAL Cannot declare class QiAddonsForElementor_Interactive_Banner_Shortcode, because the name is already in use in /srv/websites/cemarin/wp-content/plugins/qi-addons-for-elementor/inc/shortcodes/interactive-banner-spanish/class-qiaddonsforelementor-interactive-banner-shortcode.php on line 21

2022-03-27T01:13:49+00:00 CRITICAL syntax error, unexpected ''six'' (T_CONSTANT_ENCAPSED_STRING), expecting ')' en /srv/websites/cemarin/wp-content/plugins/stal-core/inc/shortcodes/interactive-banners/interactive-banners.php en la línea 36

2022-03-27T01:13:49+00:00 CRITICAL syntax error, unexpected ''six'' (T_CONSTANT_ENCAPSED_STRING), expecting ')' in /srv/websites/cemarin/wp-content/plugins/stal-core/inc/shortcodes/interactive-banners/interactive-banners.php on line 36

2022-03-27T01:13:51+00:00 CRITICAL syntax error, unexpected ''six'' (T_CONSTANT_ENCAPSED_STRING), expecting ')' in /srv/websites/cemarin/wp-content/plugins/stal-core/inc/shortcodes/interactive-banners/interactive-banners.php on line 36

2022-03-27T01:14:07+00:00 CRITICAL syntax error, unexpected ''six'' (T_CONSTANT_ENCAPSED_STRING), expecting ')' in /srv/websites/cemarin/wp-content/plugins/stal-core/inc/shortcodes/interactive-banners/interactive-banners.php on line 36

2022-03-27T01:14:24+00:00 CRITICAL syntax error, unexpected ''six'' (T_CONSTANT_ENCAPSED_STRING), expecting ')' in /srv/websites/cemarin/wp-content/plugins/stal-core/inc/shortcodes/interactive-banners/interactive-banners.php on line 36

2022-03-27T01:14:32+00:00 CRITICAL syntax error, unexpected ''five'' (T_CONSTANT_ENCAPSED_STRING), expecting ')' in /srv/websites/cemarin/wp-content/plugins/stal-core/inc/shortcodes/interactive-banners/interactive-banners.php on line 36

2022-03-27T01:14:40+00:00 CRITICAL syntax error, unexpected ''five'' (T_CONSTANT_ENCAPSED_STRING), expecting ')' in /srv/websites/cemarin/wp-content/plugins/stal-core/inc/shortcodes/interactive-banners/interactive-banners.php on line 36

