2022-03-29T19:58:41+00:00 ERROR Error getting data feed
2022-03-29T19:58:41+00:00 ERROR WP_Error Object
(
    [errors] => Array
        (
            [http_request_failed] => Array
                (
                    [0] => cURL error 60: SSL certificate problem: certificate has expired
                )

        )

    [error_data] => Array
        (
        )

    [additional_data:protected] => Array
        (
        )

)

2022-03-29T19:58:41+00:00 ERROR Error getting data feed
2022-03-29T19:58:41+00:00 ERROR WP_Error Object
(
    [errors] => Array
        (
            [http_request_failed] => Array
                (
                    [0] => cURL error 60: SSL certificate problem: certificate has expired
                )

        )

    [error_data] => Array
        (
        )

    [additional_data:protected] => Array
        (
        )

)

2022-03-29T19:58:42+00:00 ERROR Error getting data feed
2022-03-29T19:58:42+00:00 ERROR WP_Error Object
(
    [errors] => Array
        (
            [http_request_failed] => Array
                (
                    [0] => cURL error 60: SSL certificate problem: certificate has expired
                )

        )

    [error_data] => Array
        (
        )

    [additional_data:protected] => Array
        (
        )

)

2022-03-29T19:58:42+00:00 ERROR Error getting data feed
2022-03-29T19:58:42+00:00 ERROR WP_Error Object
(
    [errors] => Array
        (
            [http_request_failed] => Array
                (
                    [0] => cURL error 60: SSL certificate problem: certificate has expired
                )

        )

    [error_data] => Array
        (
        )

    [additional_data:protected] => Array
        (
        )

)

2022-03-29T19:58:42+00:00 ERROR Error getting data feed
2022-03-29T19:58:42+00:00 ERROR WP_Error Object
(
    [errors] => Array
        (
            [http_request_failed] => Array
                (
                    [0] => cURL error 60: SSL certificate problem: certificate has expired
                )

        )

    [error_data] => Array
        (
        )

    [additional_data:protected] => Array
        (
        )

)

2022-03-29T19:58:58+00:00 ERROR Error getting data feed
2022-03-29T19:58:58+00:00 ERROR WP_Error Object
(
    [errors] => Array
        (
            [http_request_failed] => Array
                (
                    [0] => cURL error 60: SSL certificate problem: certificate has expired
                )

        )

    [error_data] => Array
        (
        )

    [additional_data:protected] => Array
        (
        )

)

2022-03-29T19:58:58+00:00 ERROR Error getting data feed
2022-03-29T19:58:58+00:00 ERROR WP_Error Object
(
    [errors] => Array
        (
            [http_request_failed] => Array
                (
                    [0] => cURL error 60: SSL certificate problem: certificate has expired
                )

        )

    [error_data] => Array
        (
        )

    [additional_data:protected] => Array
        (
        )

)

